<?xml version="1.0" encoding="UTF-8"?><testrun name="ExercisesTest (6)" project="extra-exercises" tests="21" started="21" failures="2" errors="0" ignored="0">
  <testsuite name="com.techelevator.ExercisesTest" time="0.0">
    <testcase name="stringE" classname="com.techelevator.ExercisesTest" time="0.0"/>
    <testcase name="stringMatch" classname="com.techelevator.ExercisesTest" time="0.0"/>
    <testcase name="arraySort" classname="com.techelevator.ExercisesTest" time="0.0"/>
    <testcase name="has271" classname="com.techelevator.ExercisesTest" time="0.0"/>
    <testcase name="mixStart" classname="com.techelevator.ExercisesTest" time="0.0"/>
    <testcase name="more14" classname="com.techelevator.ExercisesTest" time="0.0"/>
    <testcase name="oneTwo" classname="com.techelevator.ExercisesTest" time="0.0"/>
    <testcase name="zipZap" classname="com.techelevator.ExercisesTest" time="0.0"/>
    <testcase name="noTriples" classname="com.techelevator.ExercisesTest" time="0.0"/>
    <testcase name="arrayDeduplication" classname="com.techelevator.ExercisesTest" time="0.0"/>
    <testcase name="makeBricks" classname="com.techelevator.ExercisesTest" time="0.0"/>
    <testcase name="maxBlock" classname="com.techelevator.ExercisesTest" time="0.0"/>
    <testcase name="findPermutations" classname="com.techelevator.ExercisesTest" time="0.0">
      <failure>java.lang.AssertionError: Input: findPermutations("A")array lengths differed, expected.length=1 actual.length=0
	at org.junit.Assert.fail(Assert.java:88)
	at com.techelevator.ExercisesTest.findPermutations(ExercisesTest.java:167)
	at sun.reflect.NativeMethodAccessorImpl.invoke0(Native Method)
	at sun.reflect.NativeMethodAccessorImpl.invoke(NativeMethodAccessorImpl.java:62)
	at sun.reflect.DelegatingMethodAccessorImpl.invoke(DelegatingMethodAccessorImpl.java:43)
	at java.lang.reflect.Method.invoke(Method.java:498)
	at org.junit.runners.model.FrameworkMethod$1.runReflectiveCall(FrameworkMethod.java:50)
	at org.junit.internal.runners.model.ReflectiveCallable.run(ReflectiveCallable.java:12)
	at org.junit.runners.model.FrameworkMethod.invokeExplosively(FrameworkMethod.java:47)
	at org.junit.internal.runners.statements.InvokeMethod.evaluate(InvokeMethod.java:17)
	at org.junit.runners.ParentRunner.runLeaf(ParentRunner.java:325)
	at org.junit.runners.BlockJUnit4ClassRunner.runChild(BlockJUnit4ClassRunner.java:78)
	at org.junit.runners.BlockJUnit4ClassRunner.runChild(BlockJUnit4ClassRunner.java:57)
	at org.junit.runners.ParentRunner$3.run(ParentRunner.java:290)
	at org.junit.runners.ParentRunner$1.schedule(ParentRunner.java:71)
	at org.junit.runners.ParentRunner.runChildren(ParentRunner.java:288)
	at org.junit.runners.ParentRunner.access$000(ParentRunner.java:58)
	at org.junit.runners.ParentRunner$2.evaluate(ParentRunner.java:268)
	at org.junit.runners.ParentRunner.run(ParentRunner.java:363)
	at org.eclipse.jdt.internal.junit4.runner.JUnit4TestReference.run(JUnit4TestReference.java:86)
	at org.eclipse.jdt.internal.junit.runner.TestExecution.run(TestExecution.java:38)
	at org.eclipse.jdt.internal.junit.runner.RemoteTestRunner.runTests(RemoteTestRunner.java:538)
	at org.eclipse.jdt.internal.junit.runner.RemoteTestRunner.runTests(RemoteTestRunner.java:760)
	at org.eclipse.jdt.internal.junit.runner.RemoteTestRunner.run(RemoteTestRunner.java:460)
	at org.eclipse.jdt.internal.junit.runner.RemoteTestRunner.main(RemoteTestRunner.java:206)

</failure>
    </testcase>
    <testcase name="maxSpan" classname="com.techelevator.ExercisesTest" time="0.0">
      <failure>java.lang.AssertionError: Input: {1, 2, 1, 1, 3} expected:&lt;4&gt; but was:&lt;2&gt;
	at org.junit.Assert.fail(Assert.java:88)
	at org.junit.Assert.failNotEquals(Assert.java:834)
	at org.junit.Assert.assertEquals(Assert.java:645)
	at com.techelevator.ExercisesTest.areEqual(ExercisesTest.java:625)
	at com.techelevator.ExercisesTest.maxSpan(ExercisesTest.java:360)
	at sun.reflect.NativeMethodAccessorImpl.invoke0(Native Method)
	at sun.reflect.NativeMethodAccessorImpl.invoke(NativeMethodAccessorImpl.java:62)
	at sun.reflect.DelegatingMethodAccessorImpl.invoke(DelegatingMethodAccessorImpl.java:43)
	at java.lang.reflect.Method.invoke(Method.java:498)
	at org.junit.runners.model.FrameworkMethod$1.runReflectiveCall(FrameworkMethod.java:50)
	at org.junit.internal.runners.model.ReflectiveCallable.run(ReflectiveCallable.java:12)
	at org.junit.runners.model.FrameworkMethod.invokeExplosively(FrameworkMethod.java:47)
	at org.junit.internal.runners.statements.InvokeMethod.evaluate(InvokeMethod.java:17)
	at org.junit.runners.ParentRunner.runLeaf(ParentRunner.java:325)
	at org.junit.runners.BlockJUnit4ClassRunner.runChild(BlockJUnit4ClassRunner.java:78)
	at org.junit.runners.BlockJUnit4ClassRunner.runChild(BlockJUnit4ClassRunner.java:57)
	at org.junit.runners.ParentRunner$3.run(ParentRunner.java:290)
	at org.junit.runners.ParentRunner$1.schedule(ParentRunner.java:71)
	at org.junit.runners.ParentRunner.runChildren(ParentRunner.java:288)
	at org.junit.runners.ParentRunner.access$000(ParentRunner.java:58)
	at org.junit.runners.ParentRunner$2.evaluate(ParentRunner.java:268)
	at org.junit.runners.ParentRunner.run(ParentRunner.java:363)
	at org.eclipse.jdt.internal.junit4.runner.JUnit4TestReference.run(JUnit4TestReference.java:86)
	at org.eclipse.jdt.internal.junit.runner.TestExecution.run(TestExecution.java:38)
	at org.eclipse.jdt.internal.junit.runner.RemoteTestRunner.runTests(RemoteTestRunner.java:538)
	at org.eclipse.jdt.internal.junit.runner.RemoteTestRunner.runTests(RemoteTestRunner.java:760)
	at org.eclipse.jdt.internal.junit.runner.RemoteTestRunner.run(RemoteTestRunner.java:460)
	at org.eclipse.jdt.internal.junit.runner.RemoteTestRunner.main(RemoteTestRunner.java:206)

</failure>
    </testcase>
    <testcase name="closeFar" classname="com.techelevator.ExercisesTest" time="0.0"/>
    <testcase name="blackjack" classname="com.techelevator.ExercisesTest" time="0.0"/>
    <testcase name="countClumps" classname="com.techelevator.ExercisesTest" time="0.0"/>
    <testcase name="tripleUp" classname="com.techelevator.ExercisesTest" time="0.0"/>
    <testcase name="arrayIntersection" classname="com.techelevator.ExercisesTest" time="0.0"/>
    <testcase name="lastDigit" classname="com.techelevator.ExercisesTest" time="0.0"/>
    <testcase name="repeatSeparator" classname="com.techelevator.ExercisesTest" time="0.0"/>
  </testsuite>
</testrun>
